# JRE version: Java(TM) SE Runtime Environment (8.0_144-b01) (build 1.8.0_144-b01)
# Java VM: Java HotSpot(TM) 64-Bit Server VM (25.144-b01 mixed mode windows-amd64 compressed oops)
Heap:
 PSYoungGen      total 481280K, used 187646K [0x00000000dd500000, 0x00000000ff880000, 0x0000000100000000)
  eden space 412160K, 44% used [0x00000000dd500000,0x00000000e89aace8,0x00000000f6780000)
  from space 69120K, 3% used [0x00000000fb500000,0x00000000fb794e50,0x00000000ff880000)
  to   space 74240K, 0% used [0x00000000f6780000,0x00000000f6780000,0x00000000fb000000)
 ParOldGen       total 323072K, used 205926K [0x0000000097e00000, 0x00000000ab980000, 0x00000000dd500000)
  object space 323072K, 63% used [0x0000000097e00000,0x00000000a4719b10,0x00000000ab980000)
 Metaspace       used 88415K, capacity 93374K, committed 96128K, reserved 1132544K
  class space    used 11144K, capacity 12227K, committed 12928K, reserved 1048576K
GC Heap History (10 events):
Event: 11686.169 GC heap before
{Heap before GC invocations=78 (full 8):
 PSYoungGen      total 521216K, used 474112K [0x00000000dd500000, 0x0000000100000000, 0x0000000100000000)
  eden space 474112K, 100% used [0x00000000dd500000,0x00000000fa400000,0x00000000fa400000)
  from space 47104K, 0% used [0x00000000fa400000,0x00000000fa400000,0x00000000fd200000)
  to   space 47104K, 0% used [0x00000000fd200000,0x00000000fd200000,0x0000000100000000)
 ParOldGen       total 323072K, used 179632K [0x0000000097e00000, 0x00000000ab980000, 0x00000000dd500000)
  object space 323072K, 55% used [0x0000000097e00000,0x00000000a2d6c260,0x00000000ab980000)
 Metaspace       used 88378K, capacity 93352K, committed 96128K, reserved 1132544K
  class space    used 11139K, capacity 12220K, committed 12928K, reserved 1048576K
Event: 11686.246 GC heap after
Heap after GC invocations=78 (full 8):
 PSYoungGen      total 444416K, used 10064K [0x00000000dd500000, 0x0000000100000000, 0x0000000100000000)
  eden space 397312K, 0% used [0x00000000dd500000,0x00000000dd500000,0x00000000f5900000)
  from space 47104K, 21% used [0x00000000fd200000,0x00000000fdbd42e8,0x0000000100000000)
  to   space 85504K, 0% used [0x00000000f5900000,0x00000000f5900000,0x00000000fac80000)
 ParOldGen       total 323072K, used 179632K [0x0000000097e00000, 0x00000000ab980000, 0x00000000dd500000)
  object space 323072K, 55% used [0x0000000097e00000,0x00000000a2d6c260,0x00000000ab980000)
 Metaspace       used 88378K, capacity 93352K, committed 96128K, reserved 1132544K
  class space    used 11139K, capacity 12220K, committed 12928K, reserved 1048576K
}
Event: 11691.048 GC heap before
{Heap before GC invocations=79 (full 8):
 PSYoungGen      total 444416K, used 407376K [0x00000000dd500000, 0x0000000100000000, 0x0000000100000000)
  eden space 397312K, 100% used [0x00000000dd500000,0x00000000f5900000,0x00000000f5900000)
  from space 47104K, 21% used [0x00000000fd200000,0x00000000fdbd42e8,0x0000000100000000)
  to   space 85504K, 0% used [0x00000000f5900000,0x00000000f5900000,0x00000000fac80000)
 ParOldGen       total 323072K, used 179632K [0x0000000097e00000, 0x00000000ab980000, 0x00000000dd500000)
  object space 323072K, 55% used [0x0000000097e00000,0x00000000a2d6c260,0x00000000ab980000)
 Metaspace       used 88386K, capacity 93352K, committed 96128K, reserved 1132544K
  class space    used 11140K, capacity 12220K, committed 12928K, reserved 1048576K
Event: 11691.112 GC heap after
Heap after GC invocations=79 (full 8):
 PSYoungGen      total 482816K, used 10672K [0x00000000dd500000, 0x0000000100000000, 0x0000000100000000)
  eden space 397312K, 0% used [0x00000000dd500000,0x00000000dd500000,0x00000000f5900000)
  from space 85504K, 12% used [0x00000000f5900000,0x00000000f636c010,0x00000000fac80000)
  to   space 81920K, 0% used [0x00000000fb000000,0x00000000fb000000,0x0000000100000000)
 ParOldGen       total 323072K, used 186161K [0x0000000097e00000, 0x00000000ab980000, 0x00000000dd500000)
  object space 323072K, 57% used [0x0000000097e00000,0x00000000a33cc548,0x00000000ab980000)
 Metaspace       used 88386K, capacity 93352K, committed 96128K, reserved 1132544K
  class space    used 11140K, capacity 12220K, committed 12928K, reserved 1048576K
}
Event: 11691.979 GC heap before
{Heap before GC invocations=80 (full 8):
 PSYoungGen      total 482816K, used 407984K [0x00000000dd500000, 0x0000000100000000, 0x0000000100000000)
  eden space 397312K, 100% used [0x00000000dd500000,0x00000000f5900000,0x00000000f5900000)
  from space 85504K, 12% used [0x00000000f5900000,0x00000000f636c010,0x00000000fac80000)
  to   space 81920K, 0% used [0x00000000fb000000,0x00000000fb000000,0x0000000100000000)
 ParOldGen       total 323072K, used 186161K [0x0000000097e00000, 0x00000000ab980000, 0x00000000dd500000)
  object space 323072K, 57% used [0x0000000097e00000,0x00000000a33cc548,0x00000000ab980000)
 Metaspace       used 88388K, capacity 93352K, committed 96128K, reserved 1132544K
  class space    used 11140K, capacity 12220K, committed 12928K, reserved 1048576K
Event: 11692.022 GC heap after
Heap after GC invocations=80 (full 8):
 PSYoungGen      total 474112K, used 5504K [0x00000000dd500000, 0x00000000ff780000, 0x0000000100000000)
  eden space 400896K, 0% used [0x00000000dd500000,0x00000000dd500000,0x00000000f5c80000)
  from space 73216K, 7% used [0x00000000fb000000,0x00000000fb560000,0x00000000ff780000)
  to   space 79360K, 0% used [0x00000000f5c80000,0x00000000f5c80000,0x00000000faa00000)
 ParOldGen       total 323072K, used 194270K [0x0000000097e00000, 0x00000000ab980000, 0x00000000dd500000)
  object space 323072K, 60% used [0x0000000097e00000,0x00000000a3bb7b10,0x00000000ab980000)
 Metaspace       used 88388K, capacity 93352K, committed 96128K, reserved 1132544K
  class space    used 11140K, capacity 12220K, committed 12928K, reserved 1048576K
}
Event: 11693.113 GC heap before
{Heap before GC invocations=81 (full 8):
 PSYoungGen      total 474112K, used 406400K [0x00000000dd500000, 0x00000000ff780000, 0x0000000100000000)
  eden space 400896K, 100% used [0x00000000dd500000,0x00000000f5c80000,0x00000000f5c80000)
  from space 73216K, 7% used [0x00000000fb000000,0x00000000fb560000,0x00000000ff780000)
  to   space 79360K, 0% used [0x00000000f5c80000,0x00000000f5c80000,0x00000000faa00000)
 ParOldGen       total 323072K, used 194270K [0x0000000097e00000, 0x00000000ab980000, 0x00000000dd500000)
  object space 323072K, 60% used [0x0000000097e00000,0x00000000a3bb7b10,0x00000000ab980000)
 Metaspace       used 88390K, capacity 93352K, committed 96128K, reserved 1132544K
  class space    used 11140K, capacity 12220K, committed 12928K, reserved 1048576K
Event: 11693.152 GC heap after
Heap after GC invocations=81 (full 8):
 PSYoungGen      total 480256K, used 6144K [0x00000000dd500000, 0x0000000100000000, 0x0000000100000000)
  eden space 400896K, 0% used [0x00000000dd500000,0x00000000dd500000,0x00000000f5c80000)
  from space 79360K, 7% used [0x00000000f5c80000,0x00000000f6280000,0x00000000faa00000)
  to   space 76800K, 0% used [0x00000000fb500000,0x00000000fb500000,0x0000000100000000)
 ParOldGen       total 323072K, used 199766K [0x0000000097e00000, 0x00000000ab980000, 0x00000000dd500000)
  object space 323072K, 61% used [0x0000000097e00000,0x00000000a4115b10,0x00000000ab980000)
 Metaspace       used 88390K, capacity 93352K, committed 96128K, reserved 1132544K
  class space    used 11140K, capacity 12220K, committed 12928K, reserved 1048576K
}
Event: 11708.468 GC heap before
{Heap before GC invocations=82 (full 8):
 PSYoungGen      total 480256K, used 407040K [0x00000000dd500000, 0x0000000100000000, 0x0000000100000000)
  eden space 400896K, 100% used [0x00000000dd500000,0x00000000f5c80000,0x00000000f5c80000)
  from space 79360K, 7% used [0x00000000f5c80000,0x00000000f6280000,0x00000000faa00000)
  to   space 76800K, 0% used [0x00000000fb500000,0x00000000fb500000,0x0000000100000000)
 ParOldGen       total 323072K, used 199766K [0x0000000097e00000, 0x00000000ab980000, 0x00000000dd500000)
  object space 323072K, 61% used [0x0000000097e00000,0x00000000a4115b10,0x00000000ab980000)
 Metaspace       used 88412K, capacity 93374K, committed 96128K, reserved 1132544K
  class space    used 11144K, capacity 12227K, committed 12928K, reserved 1048576K
Event: 11708.521 GC heap after
Heap after GC invocations=82 (full 8):
 PSYoungGen      total 481280K, used 2643K [0x00000000dd500000, 0x00000000ff880000, 0x0000000100000000)
  eden space 412160K, 0% used [0x00000000dd500000,0x00000000dd500000,0x00000000f6780000)
  from space 69120K, 3% used [0x00000000fb500000,0x00000000fb794e50,0x00000000ff880000)
  to   space 74240K, 0% used [0x00000000f6780000,0x00000000f6780000,0x00000000fb000000)
 ParOldGen       total 323072K, used 205926K [0x0000000097e00000, 0x00000000ab980000, 0x00000000dd500000)
  object space 323072K, 63% used [0x0000000097e00000,0x00000000a4719b10,0x00000000ab980000)
 Metaspace       used 88412K, capacity 93374K, committed 96128K, reserved 1132544K
  class space    used 11144K, capacity 12227K, committed 12928K, reserved 1048576K
}

